     1                                 %line 1+1 assign1.s
     2                                 
     3                                 
     4                                 
     5                                 
     6                                 [section .data]
     7                                 
     8 00000000 576861742069732079-    prompt: db "What is your name? "
     9 00000000 6F7572206E616D653F-
    10 00000000 20                 
    11                                 prompt_len: equ $-prompt
    12                                 
    13 00000013 21<rept>               buffer: times 255 db '!'
    14                                 
    15 00000112 48656C6C6F2C20         resp1: db "Hello, "
    16                                 resp1_len: equ $-resp1
    17 00000119 2C206E69636520746F-    resp2: db ", nice to meet you!", 10
    18 00000119 206D65657420796F75-
    19 00000119 210A               
    20                                 resp2_len: equ $-resp2
    21                                 
    22                                 
    23                                 [section .text]
    24                                 [global _start]
    25                                 
    26                                 _start:
    27                                 
    28 00000000 48C7C001000000          mov rax, 1
    29 00000007 48C7C701000000          mov rdi, 1
    30 0000000E 48C7C6[00000000]        mov rsi, prompt
    31 00000015 48BA13000000000000-     mov rdx, prompt_len
    32 00000015 00                 
    33 0000001F 0F05                    syscall
    34                                 
    35                                 
    36 00000021 48C7C000000000          mov rax, 0
    37 00000028 48C7C700000000          mov rdi, 0
    38 0000002F 48C7C6[00000000]        mov rsi, buffer
    39 00000036 48C7C2FF000000          mov rdx, 255
    40 0000003D 0F05                    syscall
    41                                 
    42                                 
    43                                 
    44                                 
    45 0000003F 4883E801                sub rax, 1
    46                                 
    47                                 
    48 00000043 4889C3                  mov rbx, rax
    49                                 
    50                                 
    51 00000046 48C7C001000000          mov rax, 1
    52 0000004D 48C7C701000000          mov rdi, 1
    53 00000054 48C7C6[00000000]        mov rsi, resp1
    54 0000005B 48BA07000000000000-     mov rdx, resp1_len
    55 0000005B 00                 
    56 00000065 0F05                    syscall
    57                                 
    58 00000067 48C7C001000000          mov rax, 1
    59 0000006E 48C7C701000000          mov rdi, 1
    60 00000075 48C7C6[00000000]        mov rsi, buffer
    61 0000007C 4889DA                  mov rdx, rbx
    62 0000007F 0F05                    syscall
    63                                 
    64 00000081 48C7C001000000          mov rax, 1
    65 00000088 48C7C701000000          mov rdi, 1
    66 0000008F 48C7C6[00000000]        mov rsi, resp2
    67 00000096 48BA14000000000000-     mov rdx, resp2_len
    68 00000096 00                 
    69 000000A0 0F05                    syscall
    70                                 
    71                                 
    72 000000A2 48C7C03C000000          mov rax, 60
    73 000000A9 48C7C700000000          mov rdi, 0
    74 000000B0 0F05                    syscall
